2020-12-31 18:47:07,265 LOG INFO runner_html.py-90 line：----------传入参数<--file>,测试excel：D:\desk20201127\ks\Datas
2020-12-31 18:47:07,265 LOG INFO runner_html.py-91 line：----------传入参数<--sheet>,测试excel sheet name：None
2020-12-31 18:47:07,265 LOG INFO runner_html.py-92 line：----------传入参数<--folder>,测试文件或文件夹的文件：None
2020-12-31 18:47:07,265 LOG INFO runner_html.py-93 line：----------传入参数<--report>,指定测试报告文件夹：2020-12-31
2020-12-31 18:47:07,265 LOG INFO runner_html.py-95 line：测试报告文件夹：D:\desk20201127\ks\Report\2020-12-31_html
2020-12-31 18:47:09,497 LOG INFO conftest.py-15 line：****************************************************************************************************
2020-12-31 18:47:09,497 LOG INFO conftest.py-16 line：********************测试执行开始********************
2020-12-31 18:47:09,497 LOG INFO conftest.py-20 line：----------requests_session setup----------
2020-12-31 18:47:09,497 LOG INFO conftest.py-21 line：获取session：<requests.sessions.Session object at 0x000001E6D228FE88>
2020-12-31 18:47:09,507 LOG INFO test_api4.py-37 line：API测试
2020-12-31 18:47:09,507 LOG INFO test_api4.py-38 line：FILE SHEET： t_接  FILE NAME： test_a1pidat2a - 副本.xlsx  FILE PATH： D:/desk20201127/ks/Datas/test_a1pidat2a - 副本.xlsx
2020-12-31 18:47:09,657 LOG INFO test_api4.py-45 line：执行测试套件: TestAPI
2020-12-31 18:47:09,657 LOG INFO test_api4.py-46 line：执行测试用例: t_接
2020-12-31 18:47:09,657 LOG INFO test_api4.py-76 line：测试功能是：充1
2020-12-31 18:47:09,657 LOG INFO test_api4.py-93 line：测试数据是:【title:[充1], method:[seturl], input:[http://testingedu.com.cn:8081/inter/HTTP], request_data:[{user}]】
2020-12-31 18:47:09,657 LOG INFO apiKeyWords3.py-277 line：执行函数:seturl
2020-12-31 18:47:09,657 LOG INFO apiKeyWords3.py-293 line：值是：http://testingedu.com.cn:8081/inter/HTTP
2020-12-31 18:47:09,657 LOG INFO apiKeyWords3.py-288 line：输入参数:[http://testingedu.com.cn:8081/inter/HTTP]
2020-12-31 18:47:09,657 LOG INFO test_api4.py-62 line：函数返回值：None
2020-12-31 18:47:09,657 LOG INFO test_api4.py-93 line：测试数据是:【title:[], method:[addheader], input:[token], request_data:[]】
2020-12-31 18:47:09,657 LOG INFO apiKeyWords3.py-262 line：执行函数:addheader
2020-12-31 18:47:09,657 LOG INFO apiKeyWords3.py-264 line：headers_key:[token]
2020-12-31 18:47:09,657 LOG INFO apiKeyWords3.py-265 line：headers_value_before:[]
2020-12-31 18:47:09,657 LOG INFO apiKeyWords3.py-266 line：headers_value_after(__get_relations)[None]
2020-12-31 18:47:09,657 LOG INFO test_api4.py-62 line：函数返回值：{'User-Agent': 'python-requests/2.24.0', 'Accept-Encoding': 'gzip, deflate', 'Accept': '*/*', 'Connection': 'keep-alive', 'token': None}
2020-12-31 18:47:09,657 LOG INFO test_api4.py-93 line：测试数据是:【title:[], method:[post], input:[auth], request_data:[]】
2020-12-31 18:47:09,657 LOG INFO apiKeyWords3.py-297 line：执行函数:【'post'】
2020-12-31 18:47:09,657 LOG INFO apiKeyWords3.py-293 line：值是：请求接口:[http://testingedu.com.cn:8081/inter/HTTP/auth]
2020-12-31 18:47:09,657 LOG INFO apiKeyWords3.py-293 line：值是：请求头:[{'User-Agent': 'python-requests/2.24.0', 'Accept-Encoding': 'gzip, deflate', 'Accept': '*/*', 'Connection': 'keep-alive', 'token': None}]
2020-12-31 18:47:09,657 LOG INFO apiKeyWords3.py-293 line：值是：请求参数:[None]
2020-12-31 18:47:10,587 LOG INFO apiKeyWords3.py-293 line：值是：返回值:[{'status': 200, 'msg': 'success', 'token': '118c1987e48f4019a83344109ef9036e'}]
2020-12-31 18:47:10,587 LOG INFO test_api4.py-62 line：函数返回值：{'status': 200, 'msg': 'success', 'token': '118c1987e48f4019a83344109ef9036e'}
2020-12-31 18:47:10,587 LOG INFO test_api4.py-76 line：测试功能是：充2
2020-12-31 18:47:10,587 LOG INFO test_api4.py-93 line：测试数据是:【title:[充2], method:[savejson], input:[token], request_data:[token]】
2020-12-31 18:47:10,587 LOG INFO apiKeyWords3.py-249 line：执行函数:savejson
2020-12-31 18:47:10,587 LOG INFO apiKeyWords3.py-252 line：relations_key:[token]
2020-12-31 18:47:10,587 LOG INFO apiKeyWords3.py-253 line：jsonres_key:[token]
2020-12-31 18:47:10,587 LOG INFO apiKeyWords3.py-254 line：self.relations[token] = self.jsonres[token]
2020-12-31 18:47:10,587 LOG INFO apiKeyWords3.py-293 line：值是：118c1987e48f4019a83344109ef9036e
2020-12-31 18:47:10,587 LOG INFO test_api4.py-62 line：函数返回值：{'token': '118c1987e48f4019a83344109ef9036e'}
2020-12-31 18:47:10,587 LOG INFO test_api4.py-93 line：测试数据是:【title:[], method:[addheader], input:[token], request_data:[{token}]】
2020-12-31 18:47:10,597 LOG INFO apiKeyWords3.py-262 line：执行函数:addheader
2020-12-31 18:47:10,597 LOG INFO apiKeyWords3.py-264 line：headers_key:[token]
2020-12-31 18:47:10,597 LOG INFO apiKeyWords3.py-265 line：headers_value_before:[{token}]
2020-12-31 18:47:10,597 LOG INFO apiKeyWords3.py-266 line：headers_value_after(__get_relations)[118c1987e48f4019a83344109ef9036e]
2020-12-31 18:47:10,597 LOG INFO test_api4.py-62 line：函数返回值：{'User-Agent': 'python-requests/2.24.0', 'Accept-Encoding': 'gzip, deflate', 'Accept': '*/*', 'Connection': 'keep-alive', 'token': '118c1987e48f4019a83344109ef9036e'}
2020-12-31 18:47:10,597 LOG INFO test_api4.py-93 line：测试数据是:【title:[], method:[post], input:[register], request_data:[{"username": "", "pwd": "123456", "nickname":"熊明"}]】
2020-12-31 18:47:10,597 LOG INFO apiKeyWords3.py-297 line：执行函数:【'post'】
2020-12-31 18:47:10,597 LOG INFO apiKeyWords3.py-293 line：值是：请求接口:[http://testingedu.com.cn:8081/inter/HTTP/register]
2020-12-31 18:47:10,597 LOG INFO apiKeyWords3.py-293 line：值是：请求头:[{'User-Agent': 'python-requests/2.24.0', 'Accept-Encoding': 'gzip, deflate', 'Accept': '*/*', 'Connection': 'keep-alive', 'token': '118c1987e48f4019a83344109ef9036e'}]
2020-12-31 18:47:10,597 LOG INFO apiKeyWords3.py-293 line：值是：请求参数:[{'username': '', 'pwd': '123456', 'nickname': '熊明'}]
2020-12-31 18:47:10,647 LOG INFO apiKeyWords3.py-293 line：值是：返回值:[{'status': 402, 'msg': '参数错误'}]
2020-12-31 18:47:10,647 LOG INFO test_api4.py-62 line：函数返回值：{'status': 402, 'msg': '参数错误'}
2020-12-31 18:47:10,647 LOG INFO test_api4.py-93 line：测试数据是:【title:[], method:[assertequals], input:[status], request_data:[200]】
2020-12-31 18:47:10,647 LOG INFO apiKeyWords3.py-212 line：执行函数:assertequals
2020-12-31 18:47:10,647 LOG INFO apiKeyWords3.py-224 line：key:[status]
2020-12-31 18:47:10,647 LOG INFO apiKeyWords3.py-225 line：ACTUAL_VALUE:[402]
2020-12-31 18:47:10,647 LOG INFO apiKeyWords3.py-226 line：EXPECT_VALUE:[200]
2020-12-31 18:47:10,647 LOG INFO apiKeyWords3.py-293 line：值是：FAIL
2020-12-31 18:47:10,647 LOG INFO apiKeyWords3.py-232 line：--Fail--用例失败--
2020-12-31 18:47:10,657 LOG ERROR apiKeyWords3.py-233 line：
Traceback (most recent call last):
  File "D:\desk20201127\ks\api\apikeywords\apiKeyWords3.py", line 229, in assertequals
    assert actual_value == expect_value
AssertionError
2020-12-31 18:47:10,657 LOG INFO test_api4.py-62 line：函数返回值：FAIL
2020-12-31 18:47:10,657 LOG INFO test_api4.py-93 line：测试数据是:【title:[], method:[post], input:[register], request_data:[{"username": "", "pwd": "126", "nickname":"熊明"}]】
2020-12-31 18:47:10,657 LOG INFO apiKeyWords3.py-297 line：执行函数:【'post'】
2020-12-31 18:47:10,657 LOG INFO apiKeyWords3.py-293 line：值是：请求接口:[http://testingedu.com.cn:8081/inter/HTTP/register]
2020-12-31 18:47:10,657 LOG INFO apiKeyWords3.py-293 line：值是：请求头:[{'User-Agent': 'python-requests/2.24.0', 'Accept-Encoding': 'gzip, deflate', 'Accept': '*/*', 'Connection': 'keep-alive', 'token': '118c1987e48f4019a83344109ef9036e'}]
2020-12-31 18:47:10,657 LOG INFO apiKeyWords3.py-293 line：值是：请求参数:[{'username': '', 'pwd': '126', 'nickname': '熊明'}]
2020-12-31 18:47:10,707 LOG INFO apiKeyWords3.py-293 line：值是：返回值:[{'status': 402, 'msg': '参数错误'}]
2020-12-31 18:47:10,707 LOG INFO test_api4.py-62 line：函数返回值：{'status': 402, 'msg': '参数错误'}
2020-12-31 18:47:10,707 LOG INFO test_api4.py-93 line：测试数据是:【title:[], method:[assertequals], input:[status], request_data:[402]】
2020-12-31 18:47:10,707 LOG INFO apiKeyWords3.py-212 line：执行函数:assertequals
2020-12-31 18:47:10,707 LOG INFO apiKeyWords3.py-224 line：key:[status]
2020-12-31 18:47:10,707 LOG INFO apiKeyWords3.py-225 line：ACTUAL_VALUE:[402]
2020-12-31 18:47:10,707 LOG INFO apiKeyWords3.py-226 line：EXPECT_VALUE:[402]
2020-12-31 18:47:10,707 LOG INFO apiKeyWords3.py-293 line：值是：PASS
2020-12-31 18:47:10,707 LOG INFO apiKeyWords3.py-239 line：--Pass--用例成功--
2020-12-31 18:47:10,707 LOG INFO test_api4.py-62 line：函数返回值：PASS
2020-12-31 18:47:10,777 LOG INFO test_api4.py-71 line：写入Excel：save_excel_teardown
2020-12-31 18:47:10,777 LOG INFO conftest.py-24 line：销毁session：<requests.sessions.Session object at 0x000001E6D228FE88>
2020-12-31 18:47:10,777 LOG INFO conftest.py-25 line：----------requests_session teardown----------
2020-12-31 18:47:10,777 LOG INFO conftest.py-28 line：********************测试执行结束********************
2020-12-31 18:47:10,777 LOG INFO conftest.py-29 line：****************************************************************************************************
2020-12-31 18:47:10,777 LOG INFO conftest.py-15 line：****************************************************************************************************
2020-12-31 18:47:10,777 LOG INFO conftest.py-16 line：********************测试执行开始********************
2020-12-31 18:47:10,777 LOG INFO conftest.py-20 line：----------requests_session setup----------
2020-12-31 18:47:10,777 LOG INFO conftest.py-21 line：获取session：<requests.sessions.Session object at 0x000001E6D22DF108>
2020-12-31 18:47:10,777 LOG INFO test_api4.py-37 line：API测试
2020-12-31 18:47:10,777 LOG INFO test_api4.py-38 line：FILE SHEET： t_接口222222  FILE NAME： test_a1pidat2a - 副本.xlsx  FILE PATH： D:/desk20201127/ks/Datas/test_a1pidat2a - 副本.xlsx
2020-12-31 18:47:10,877 LOG INFO test_api4.py-45 line：执行测试套件: TestAPI
2020-12-31 18:47:10,877 LOG INFO test_api4.py-46 line：执行测试用例: t_接口222222
2020-12-31 18:47:10,877 LOG INFO test_api4.py-76 line：测试功能是：系统1
2020-12-31 18:47:10,877 LOG INFO test_api4.py-93 line：测试数据是:【title:[系统1], method:[seturl], input:[http://testingedu.com.cn:8081/inter/HTTP], request_data:[{user}]】
2020-12-31 18:47:10,877 LOG INFO apiKeyWords3.py-277 line：执行函数:seturl
2020-12-31 18:47:10,877 LOG INFO apiKeyWords3.py-293 line：值是：http://testingedu.com.cn:8081/inter/HTTP
2020-12-31 18:47:10,877 LOG INFO apiKeyWords3.py-288 line：输入参数:[http://testingedu.com.cn:8081/inter/HTTP]
2020-12-31 18:47:10,877 LOG INFO test_api4.py-62 line：函数返回值：None
2020-12-31 18:47:10,917 LOG INFO test_api4.py-71 line：写入Excel：save_excel_teardown
2020-12-31 18:47:10,917 LOG INFO conftest.py-24 line：销毁session：<requests.sessions.Session object at 0x000001E6D22DF108>
2020-12-31 18:47:10,917 LOG INFO conftest.py-25 line：----------requests_session teardown----------
2020-12-31 18:47:10,927 LOG INFO conftest.py-28 line：********************测试执行结束********************
2020-12-31 18:47:10,927 LOG INFO conftest.py-29 line：****************************************************************************************************
2020-12-31 18:47:10,927 LOG INFO conftest.py-15 line：****************************************************************************************************
2020-12-31 18:47:10,927 LOG INFO conftest.py-16 line：********************测试执行开始********************
2020-12-31 18:47:10,927 LOG INFO conftest.py-20 line：----------requests_session setup----------
2020-12-31 18:47:10,927 LOG INFO conftest.py-21 line：获取session：<requests.sessions.Session object at 0x000001E6D2361948>
2020-12-31 18:47:10,927 LOG INFO test_api4.py-37 line：API测试
2020-12-31 18:47:10,927 LOG INFO test_api4.py-38 line：FILE SHEET： t_接  FILE NAME： test_apidata.xlsx  FILE PATH： D:/desk20201127/ks/Datas/test_apidata.xlsx
2020-12-31 18:47:11,047 LOG INFO test_api4.py-45 line：执行测试套件: TestAPI
2020-12-31 18:47:11,047 LOG INFO test_api4.py-46 line：执行测试用例: t_接
2020-12-31 18:47:11,047 LOG INFO test_api4.py-76 line：测试功能是：充1
2020-12-31 18:47:11,047 LOG INFO test_api4.py-93 line：测试数据是:【title:[充1], method:[seturl], input:[http://testingedu.com.cn:8081/inter/HTTP], request_data:[{user}]】
2020-12-31 18:47:11,047 LOG INFO apiKeyWords3.py-277 line：执行函数:seturl
2020-12-31 18:47:11,047 LOG INFO apiKeyWords3.py-293 line：值是：http://testingedu.com.cn:8081/inter/HTTP
2020-12-31 18:47:11,047 LOG INFO apiKeyWords3.py-288 line：输入参数:[http://testingedu.com.cn:8081/inter/HTTP]
2020-12-31 18:47:11,047 LOG INFO test_api4.py-62 line：函数返回值：None
2020-12-31 18:47:11,047 LOG INFO test_api4.py-93 line：测试数据是:【title:[], method:[addheader], input:[token], request_data:[]】
2020-12-31 18:47:11,047 LOG INFO apiKeyWords3.py-262 line：执行函数:addheader
2020-12-31 18:47:11,047 LOG INFO apiKeyWords3.py-264 line：headers_key:[token]
2020-12-31 18:47:11,047 LOG INFO apiKeyWords3.py-265 line：headers_value_before:[]
2020-12-31 18:47:11,047 LOG INFO apiKeyWords3.py-266 line：headers_value_after(__get_relations)[None]
2020-12-31 18:47:11,047 LOG INFO test_api4.py-62 line：函数返回值：{'User-Agent': 'python-requests/2.24.0', 'Accept-Encoding': 'gzip, deflate', 'Accept': '*/*', 'Connection': 'keep-alive', 'token': None}
2020-12-31 18:47:11,047 LOG INFO test_api4.py-93 line：测试数据是:【title:[], method:[post], input:[auth], request_data:[]】
2020-12-31 18:47:11,047 LOG INFO apiKeyWords3.py-297 line：执行函数:【'post'】
2020-12-31 18:47:11,047 LOG INFO apiKeyWords3.py-293 line：值是：请求接口:[http://testingedu.com.cn:8081/inter/HTTP/auth]
2020-12-31 18:47:11,047 LOG INFO apiKeyWords3.py-293 line：值是：请求头:[{'User-Agent': 'python-requests/2.24.0', 'Accept-Encoding': 'gzip, deflate', 'Accept': '*/*', 'Connection': 'keep-alive', 'token': None}]
2020-12-31 18:47:11,047 LOG INFO apiKeyWords3.py-293 line：值是：请求参数:[None]
2020-12-31 18:47:11,137 LOG INFO apiKeyWords3.py-293 line：值是：返回值:[{'status': 200, 'msg': 'success', 'token': '5d78644fe3ef496d8b46eae9d6e9adde'}]
2020-12-31 18:47:11,137 LOG INFO test_api4.py-62 line：函数返回值：{'status': 200, 'msg': 'success', 'token': '5d78644fe3ef496d8b46eae9d6e9adde'}
2020-12-31 18:47:11,137 LOG INFO test_api4.py-76 line：测试功能是：充2
2020-12-31 18:47:11,137 LOG INFO test_api4.py-93 line：测试数据是:【title:[充2], method:[savejson], input:[token], request_data:[token]】
2020-12-31 18:47:11,137 LOG INFO apiKeyWords3.py-249 line：执行函数:savejson
2020-12-31 18:47:11,137 LOG INFO apiKeyWords3.py-252 line：relations_key:[token]
2020-12-31 18:47:11,137 LOG INFO apiKeyWords3.py-253 line：jsonres_key:[token]
2020-12-31 18:47:11,137 LOG INFO apiKeyWords3.py-254 line：self.relations[token] = self.jsonres[token]
2020-12-31 18:47:11,147 LOG INFO apiKeyWords3.py-293 line：值是：5d78644fe3ef496d8b46eae9d6e9adde
2020-12-31 18:47:11,147 LOG INFO test_api4.py-62 line：函数返回值：{'token': '5d78644fe3ef496d8b46eae9d6e9adde'}
2020-12-31 18:47:11,147 LOG INFO test_api4.py-93 line：测试数据是:【title:[], method:[addheader], input:[token], request_data:[{token}]】
2020-12-31 18:47:11,147 LOG INFO apiKeyWords3.py-262 line：执行函数:addheader
2020-12-31 18:47:11,147 LOG INFO apiKeyWords3.py-264 line：headers_key:[token]
2020-12-31 18:47:11,147 LOG INFO apiKeyWords3.py-265 line：headers_value_before:[{token}]
2020-12-31 18:47:11,147 LOG INFO apiKeyWords3.py-266 line：headers_value_after(__get_relations)[5d78644fe3ef496d8b46eae9d6e9adde]
2020-12-31 18:47:11,147 LOG INFO test_api4.py-62 line：函数返回值：{'User-Agent': 'python-requests/2.24.0', 'Accept-Encoding': 'gzip, deflate', 'Accept': '*/*', 'Connection': 'keep-alive', 'token': '5d78644fe3ef496d8b46eae9d6e9adde'}
2020-12-31 18:47:11,147 LOG INFO test_api4.py-93 line：测试数据是:【title:[], method:[post], input:[register], request_data:[{"username": "", "pwd": "123456", "nickname":"熊明"}]】
2020-12-31 18:47:11,147 LOG INFO apiKeyWords3.py-297 line：执行函数:【'post'】
2020-12-31 18:47:11,147 LOG INFO apiKeyWords3.py-293 line：值是：请求接口:[http://testingedu.com.cn:8081/inter/HTTP/register]
2020-12-31 18:47:11,147 LOG INFO apiKeyWords3.py-293 line：值是：请求头:[{'User-Agent': 'python-requests/2.24.0', 'Accept-Encoding': 'gzip, deflate', 'Accept': '*/*', 'Connection': 'keep-alive', 'token': '5d78644fe3ef496d8b46eae9d6e9adde'}]
2020-12-31 18:47:11,147 LOG INFO apiKeyWords3.py-293 line：值是：请求参数:[{'username': '', 'pwd': '123456', 'nickname': '熊明'}]
2020-12-31 18:47:11,197 LOG INFO apiKeyWords3.py-293 line：值是：返回值:[{'status': 402, 'msg': '参数错误'}]
2020-12-31 18:47:11,197 LOG INFO test_api4.py-62 line：函数返回值：{'status': 402, 'msg': '参数错误'}
2020-12-31 18:47:11,207 LOG INFO test_api4.py-93 line：测试数据是:【title:[], method:[assertequals], input:[status], request_data:[200]】
2020-12-31 18:47:11,207 LOG INFO apiKeyWords3.py-212 line：执行函数:assertequals
2020-12-31 18:47:11,207 LOG INFO apiKeyWords3.py-224 line：key:[status]
2020-12-31 18:47:11,207 LOG INFO apiKeyWords3.py-225 line：ACTUAL_VALUE:[402]
2020-12-31 18:47:11,207 LOG INFO apiKeyWords3.py-226 line：EXPECT_VALUE:[200]
2020-12-31 18:47:11,207 LOG INFO apiKeyWords3.py-293 line：值是：FAIL
2020-12-31 18:47:11,207 LOG INFO apiKeyWords3.py-232 line：--Fail--用例失败--
2020-12-31 18:47:11,207 LOG ERROR apiKeyWords3.py-233 line：
Traceback (most recent call last):
  File "D:\desk20201127\ks\api\apikeywords\apiKeyWords3.py", line 229, in assertequals
    assert actual_value == expect_value
AssertionError
2020-12-31 18:47:11,207 LOG INFO test_api4.py-62 line：函数返回值：FAIL
2020-12-31 18:47:11,207 LOG INFO test_api4.py-93 line：测试数据是:【title:[], method:[post], input:[register], request_data:[{"username": "", "pwd": "126", "nickname":"熊明"}]】
2020-12-31 18:47:11,207 LOG INFO apiKeyWords3.py-297 line：执行函数:【'post'】
2020-12-31 18:47:11,217 LOG INFO apiKeyWords3.py-293 line：值是：请求接口:[http://testingedu.com.cn:8081/inter/HTTP/register]
2020-12-31 18:47:11,217 LOG INFO apiKeyWords3.py-293 line：值是：请求头:[{'User-Agent': 'python-requests/2.24.0', 'Accept-Encoding': 'gzip, deflate', 'Accept': '*/*', 'Connection': 'keep-alive', 'token': '5d78644fe3ef496d8b46eae9d6e9adde'}]
2020-12-31 18:47:11,217 LOG INFO apiKeyWords3.py-293 line：值是：请求参数:[{'username': '', 'pwd': '126', 'nickname': '熊明'}]
2020-12-31 18:47:11,267 LOG INFO apiKeyWords3.py-293 line：值是：返回值:[{'status': 402, 'msg': '参数错误'}]
2020-12-31 18:47:11,267 LOG INFO test_api4.py-62 line：函数返回值：{'status': 402, 'msg': '参数错误'}
2020-12-31 18:47:11,267 LOG INFO test_api4.py-93 line：测试数据是:【title:[], method:[assertequals], input:[status], request_data:[402]】
2020-12-31 18:47:11,267 LOG INFO apiKeyWords3.py-212 line：执行函数:assertequals
2020-12-31 18:47:11,277 LOG INFO apiKeyWords3.py-224 line：key:[status]
2020-12-31 18:47:11,277 LOG INFO apiKeyWords3.py-225 line：ACTUAL_VALUE:[402]
2020-12-31 18:47:11,277 LOG INFO apiKeyWords3.py-226 line：EXPECT_VALUE:[402]
2020-12-31 18:47:11,277 LOG INFO apiKeyWords3.py-293 line：值是：PASS
2020-12-31 18:47:11,277 LOG INFO apiKeyWords3.py-239 line：--Pass--用例成功--
2020-12-31 18:47:11,277 LOG INFO test_api4.py-62 line：函数返回值：PASS
2020-12-31 18:47:11,347 LOG INFO test_api4.py-71 line：写入Excel：save_excel_teardown
2020-12-31 18:47:11,347 LOG INFO conftest.py-24 line：销毁session：<requests.sessions.Session object at 0x000001E6D2361948>
2020-12-31 18:47:11,347 LOG INFO conftest.py-25 line：----------requests_session teardown----------
2020-12-31 18:47:11,347 LOG INFO conftest.py-28 line：********************测试执行结束********************
2020-12-31 18:47:11,347 LOG INFO conftest.py-29 line：****************************************************************************************************
2020-12-31 18:47:11,347 LOG INFO conftest.py-15 line：****************************************************************************************************
2020-12-31 18:47:11,347 LOG INFO conftest.py-16 line：********************测试执行开始********************
2020-12-31 18:47:11,347 LOG INFO conftest.py-20 line：----------requests_session setup----------
2020-12-31 18:47:11,347 LOG INFO conftest.py-21 line：获取session：<requests.sessions.Session object at 0x000001E6D23EDE08>
2020-12-31 18:47:11,347 LOG INFO test_api4.py-37 line：API测试
2020-12-31 18:47:11,347 LOG INFO test_api4.py-38 line：FILE SHEET： t_接口222222  FILE NAME： test_apidata.xlsx  FILE PATH： D:/desk20201127/ks/Datas/test_apidata.xlsx
2020-12-31 18:47:11,447 LOG INFO test_api4.py-45 line：执行测试套件: TestAPI
2020-12-31 18:47:11,447 LOG INFO test_api4.py-46 line：执行测试用例: t_接口222222
2020-12-31 18:47:11,447 LOG INFO test_api4.py-76 line：测试功能是：系统1
2020-12-31 18:47:11,447 LOG INFO test_api4.py-93 line：测试数据是:【title:[系统1], method:[seturl], input:[http://testingedu.com.cn:8081/inter/HTTP], request_data:[{user}]】
2020-12-31 18:47:11,447 LOG INFO apiKeyWords3.py-277 line：执行函数:seturl
2020-12-31 18:47:11,447 LOG INFO apiKeyWords3.py-293 line：值是：http://testingedu.com.cn:8081/inter/HTTP
2020-12-31 18:47:11,447 LOG INFO apiKeyWords3.py-288 line：输入参数:[http://testingedu.com.cn:8081/inter/HTTP]
2020-12-31 18:47:11,447 LOG INFO test_api4.py-62 line：函数返回值：None
2020-12-31 18:47:11,487 LOG INFO test_api4.py-71 line：写入Excel：save_excel_teardown
2020-12-31 18:47:11,497 LOG INFO conftest.py-24 line：销毁session：<requests.sessions.Session object at 0x000001E6D23EDE08>
2020-12-31 18:47:11,497 LOG INFO conftest.py-25 line：----------requests_session teardown----------
2020-12-31 18:47:11,497 LOG INFO conftest.py-28 line：********************测试执行结束********************
2020-12-31 18:47:11,497 LOG INFO conftest.py-29 line：****************************************************************************************************
2020-12-31 18:47:11,617 LOG INFO runner_html.py-107 line：测试使用时间 0:00:04
