2021-01-17 16:25:53,840 LOG INFO runner_html.py-90 line：----------传入参数<--file>,测试excel：D:\desk20201127\ks\Datas
2021-01-17 16:25:53,840 LOG INFO runner_html.py-91 line：----------传入参数<--sheet>,测试excel sheet name：None
2021-01-17 16:25:53,840 LOG INFO runner_html.py-92 line：----------传入参数<--folder>,测试文件或文件夹的文件：None
2021-01-17 16:25:53,840 LOG INFO runner_html.py-93 line：----------传入参数<--report>,指定测试报告文件夹：2021-01-17
2021-01-17 16:25:53,840 LOG INFO runner_html.py-95 line：测试报告文件夹：D:\desk20201127\ks\Report\2021-01-17_html
2021-01-17 16:25:55,759 LOG INFO conftest.py-15 line：****************************************************************************************************
2021-01-17 16:25:55,759 LOG INFO conftest.py-16 line：********************测试执行开始********************
2021-01-17 16:25:55,759 LOG INFO conftest.py-20 line：----------requests_session setup----------
2021-01-17 16:25:55,759 LOG INFO conftest.py-21 line：获取session：<requests.sessions.Session object at 0x000001CE1FF45508>
2021-01-17 16:25:55,759 LOG INFO test_api4.py-37 line：API测试
2021-01-17 16:25:55,759 LOG INFO test_api4.py-38 line：FILE SHEET： t_接  FILE NAME： test_apidata.xlsx  FILE PATH： D:/desk20201127/ks/Datas/test_apidata.xlsx
2021-01-17 16:25:55,870 LOG INFO test_api4.py-45 line：执行测试套件: TestAPI
2021-01-17 16:25:55,870 LOG INFO test_api4.py-46 line：执行测试用例: t_接
2021-01-17 16:25:55,870 LOG INFO test_api4.py-76 line：测试功能是：充1
2021-01-17 16:25:55,870 LOG INFO test_api4.py-93 line：测试数据是:【title:[充1], method:[seturl], input:[http://testingedu.com.cn:8081/inter/HTTP], request_data:[康]】
2021-01-17 16:25:55,870 LOG INFO apiKeyWords3.py-319 line：执行函数:seturl
2021-01-17 16:25:55,870 LOG INFO apiKeyWords3.py-322 line：输入参数:[http://testingedu.com.cn:8081/inter/HTTP]
2021-01-17 16:25:55,870 LOG INFO apiKeyWords3.py-340 line：值是：http://testingedu.com.cn:8081/inter/HTTP
2021-01-17 16:25:55,870 LOG INFO test_api4.py-62 line：函数返回值：None
2021-01-17 16:25:55,870 LOG INFO test_api4.py-93 line：测试数据是:【title:[], method:[post], input:[auth], request_data:[]】
2021-01-17 16:25:55,870 LOG INFO apiKeyWords3.py-344 line：执行函数:【'post'】
2021-01-17 16:25:55,870 LOG INFO apiKeyWords3.py-340 line：值是：请求接口:[http://testingedu.com.cn:8081/inter/HTTP/auth]
2021-01-17 16:25:55,870 LOG INFO apiKeyWords3.py-340 line：值是：请求头:[{'User-Agent': 'python-requests/2.24.0', 'Accept-Encoding': 'gzip, deflate', 'Accept': '*/*', 'Connection': 'keep-alive'}]
2021-01-17 16:25:55,870 LOG INFO apiKeyWords3.py-340 line：值是：请求体:[None]
2021-01-17 16:25:56,150 LOG INFO apiKeyWords3.py-340 line：值是：返回值:[{'status': 200, 'msg': 'success', 'token': '5bb1767d41c2422e971ac927e884527d'}]
2021-01-17 16:25:56,150 LOG INFO test_api4.py-62 line：函数返回值：{'status': 200, 'msg': 'success', 'token': '5bb1767d41c2422e971ac927e884527d'}
2021-01-17 16:25:56,160 LOG INFO test_api4.py-76 line：测试功能是：充2
2021-01-17 16:25:56,160 LOG INFO test_api4.py-93 line：测试数据是:【title:[充2], method:[savejson], input:[token1], request_data:[token]】
2021-01-17 16:25:56,160 LOG INFO apiKeyWords3.py-274 line：执行函数:savejson
2021-01-17 16:25:56,160 LOG INFO apiKeyWords3.py-281 line：relations_key:[token1]
2021-01-17 16:25:56,160 LOG INFO apiKeyWords3.py-282 line：jsonres_key:[['token']]
2021-01-17 16:25:56,160 LOG INFO apiKeyWords3.py-283 line：self.relations[token1] = self.jsonres['token']
2021-01-17 16:25:56,160 LOG INFO apiKeyWords3.py-340 line：值是：5bb1767d41c2422e971ac927e884527d
2021-01-17 16:25:56,160 LOG INFO test_api4.py-62 line：函数返回值：{'token1': '5bb1767d41c2422e971ac927e884527d'}
2021-01-17 16:25:56,160 LOG INFO test_api4.py-93 line：测试数据是:【title:[], method:[addheader], input:[token], request_data:[${token1}]】
2021-01-17 16:25:56,160 LOG INFO apiKeyWords3.py-300 line：执行函数:addheader
2021-01-17 16:25:56,160 LOG INFO apiKeyWords3.py-303 line：headers_key:[token]
2021-01-17 16:25:56,160 LOG INFO apiKeyWords3.py-304 line：headers_value_before:[${token1}]
2021-01-17 16:25:56,160 LOG INFO apiKeyWords3.py-306 line：headers_value_after(__get_relations):[5bb1767d41c2422e971ac927e884527d]
2021-01-17 16:25:56,160 LOG INFO test_api4.py-62 line：函数返回值：{'User-Agent': 'python-requests/2.24.0', 'Accept-Encoding': 'gzip, deflate', 'Accept': '*/*', 'Connection': 'keep-alive', 'token': '5bb1767d41c2422e971ac927e884527d'}
2021-01-17 16:25:56,170 LOG INFO test_api4.py-93 line：测试数据是:【title:[], method:[savedata], input:[password], request_data:[${pwd}]】
2021-01-17 16:25:56,170 LOG INFO apiKeyWords3.py-255 line：执行函数:savedata
2021-01-17 16:25:56,170 LOG INFO apiKeyWords3.py-260 line：relations_key:[password]
2021-01-17 16:25:56,170 LOG INFO apiKeyWords3.py-261 line：relations_value:[${pwd}]
2021-01-17 16:25:56,170 LOG INFO apiKeyWords3.py-262 line：self.relations[password] = ${pwd}
2021-01-17 16:25:56,170 LOG INFO test_api4.py-62 line：函数返回值：{'password': '${pwd}'}
2021-01-17 16:25:56,170 LOG INFO test_api4.py-93 line：测试数据是:【title:[], method:[savedata], input:[user1], request_data:[康]】
2021-01-17 16:25:56,170 LOG INFO apiKeyWords3.py-255 line：执行函数:savedata
2021-01-17 16:25:56,170 LOG INFO apiKeyWords3.py-260 line：relations_key:[user1]
2021-01-17 16:25:56,170 LOG INFO apiKeyWords3.py-261 line：relations_value:[康]
2021-01-17 16:25:56,170 LOG INFO apiKeyWords3.py-262 line：self.relations[user1] = 康
2021-01-17 16:25:56,170 LOG INFO apiKeyWords3.py-340 line：值是：康
2021-01-17 16:25:56,170 LOG INFO test_api4.py-62 line：函数返回值：{'user1': '康'}
2021-01-17 16:25:56,170 LOG INFO test_api4.py-93 line：测试数据是:【title:[], method:[savedata], input:[user2], request_data:[是]】
2021-01-17 16:25:56,170 LOG INFO apiKeyWords3.py-255 line：执行函数:savedata
2021-01-17 16:25:56,180 LOG INFO apiKeyWords3.py-260 line：relations_key:[user2]
2021-01-17 16:25:56,181 LOG INFO apiKeyWords3.py-261 line：relations_value:[是]
2021-01-17 16:25:56,181 LOG INFO apiKeyWords3.py-262 line：self.relations[user2] = 是
2021-01-17 16:25:56,182 LOG INFO apiKeyWords3.py-340 line：值是：是
2021-01-17 16:25:56,182 LOG INFO test_api4.py-62 line：函数返回值：{'user2': '是'}
2021-01-17 16:25:56,182 LOG INFO test_api4.py-93 line：测试数据是:【title:[], method:[saveparam], input:[token], request_data:[${token1}]】
2021-01-17 16:25:56,183 LOG INFO apiKeyWords3.py-227 line：执行函数:saveparam
2021-01-17 16:25:56,183 LOG INFO apiKeyWords3.py-239 line：saveparam_key:[token]
2021-01-17 16:25:56,183 LOG INFO apiKeyWords3.py-240 line：saveparam_value:[5bb1767d41c2422e971ac927e884527d]
2021-01-17 16:25:56,184 LOG INFO apiKeyWords3.py-241 line：self.param[token] = 5bb1767d41c2422e971ac927e884527d
2021-01-17 16:25:56,184 LOG INFO apiKeyWords3.py-340 line：值是：{'token': '5bb1767d41c2422e971ac927e884527d'}
2021-01-17 16:25:56,185 LOG INFO test_api4.py-62 line：函数返回值：{'token': '5bb1767d41c2422e971ac927e884527d'}
2021-01-17 16:25:56,185 LOG INFO test_api4.py-93 line：测试数据是:【title:[], method:[saveparam], input:[aaa], request_data:[啊]】
2021-01-17 16:25:56,185 LOG INFO apiKeyWords3.py-227 line：执行函数:saveparam
2021-01-17 16:25:56,186 LOG INFO apiKeyWords3.py-239 line：saveparam_key:[aaa]
2021-01-17 16:25:56,186 LOG INFO apiKeyWords3.py-240 line：saveparam_value:[啊]
2021-01-17 16:25:56,186 LOG INFO apiKeyWords3.py-241 line：self.param[aaa] = 啊
2021-01-17 16:25:56,187 LOG INFO apiKeyWords3.py-340 line：值是：{'token': '5bb1767d41c2422e971ac927e884527d', 'aaa': '啊'}
2021-01-17 16:25:56,187 LOG INFO test_api4.py-62 line：函数返回值：{'aaa': '啊'}
2021-01-17 16:25:56,187 LOG INFO test_api4.py-93 line：测试数据是:【title:[], method:[saveparam], input:[user], request_data:[${user1}]】
2021-01-17 16:25:56,188 LOG INFO apiKeyWords3.py-227 line：执行函数:saveparam
2021-01-17 16:25:56,188 LOG INFO apiKeyWords3.py-239 line：saveparam_key:[user]
2021-01-17 16:25:56,188 LOG INFO apiKeyWords3.py-240 line：saveparam_value:[康]
2021-01-17 16:25:56,188 LOG INFO apiKeyWords3.py-241 line：self.param[user] = 康
2021-01-17 16:25:56,188 LOG INFO apiKeyWords3.py-340 line：值是：{'token': '5bb1767d41c2422e971ac927e884527d', 'aaa': '啊', 'user': '康'}
2021-01-17 16:25:56,188 LOG INFO test_api4.py-62 line：函数返回值：{'user': '康'}
2021-01-17 16:25:56,188 LOG INFO test_api4.py-93 line：测试数据是:【title:[], method:[post], input:[register], request_data:[{"username": "", "pwd": "", "nickname":"熊明"}]】
2021-01-17 16:25:56,188 LOG INFO apiKeyWords3.py-344 line：执行函数:【'post'】
2021-01-17 16:25:56,188 LOG INFO apiKeyWords3.py-340 line：值是：请求接口:[http://testingedu.com.cn:8081/inter/HTTP/register]
2021-01-17 16:25:56,188 LOG INFO apiKeyWords3.py-340 line：值是：请求头:[{'User-Agent': 'python-requests/2.24.0', 'Accept-Encoding': 'gzip, deflate', 'Accept': '*/*', 'Connection': 'keep-alive', 'token': '5bb1767d41c2422e971ac927e884527d'}]
2021-01-17 16:25:56,188 LOG INFO apiKeyWords3.py-340 line：值是：请求体:[{'username': '', 'pwd': '', 'nickname': '熊明'}]
2021-01-17 16:25:56,238 LOG INFO apiKeyWords3.py-340 line：值是：返回值:[{'status': 402, 'msg': '参数错误'}]
2021-01-17 16:25:56,238 LOG INFO test_api4.py-62 line：函数返回值：{'status': 402, 'msg': '参数错误'}
2021-01-17 16:25:56,238 LOG INFO test_api4.py-93 line：测试数据是:【title:[], method:[assertequals], input:[status], request_data:[200]】
2021-01-17 16:25:56,238 LOG INFO apiKeyWords3.py-171 line：执行函数:assertequals
2021-01-17 16:25:56,238 LOG INFO apiKeyWords3.py-184 line：key:[status]
2021-01-17 16:25:56,238 LOG INFO apiKeyWords3.py-185 line：ACTUAL_VALUE:[402]
2021-01-17 16:25:56,238 LOG INFO apiKeyWords3.py-186 line：EXPECT_VALUE:[200]
2021-01-17 16:25:56,238 LOG INFO apiKeyWords3.py-340 line：值是：FAIL
2021-01-17 16:25:56,238 LOG INFO apiKeyWords3.py-192 line：--Fail--用例失败--
2021-01-17 16:25:56,238 LOG ERROR apiKeyWords3.py-193 line：
Traceback (most recent call last):
  File "D:\desk20201127\ks\api\apikeywords\apiKeyWords3.py", line 189, in assertequals
    assert actual_value == expect_value
AssertionError
2021-01-17 16:25:56,248 LOG INFO test_api4.py-62 line：函数返回值：FAIL
2021-01-17 16:25:56,248 LOG INFO test_api4.py-93 line：测试数据是:【title:[], method:[post], input:[register], request_data:[{"username": "", "pwd": ${password}, "nickname":"熊明"}]】
2021-01-17 16:25:56,248 LOG INFO apiKeyWords3.py-344 line：执行函数:【'post'】
2021-01-17 16:25:56,248 LOG ERROR apiKeyWords3.py-372 line：Execute method 'post' error.
2021-01-17 16:25:56,248 LOG ERROR apiKeyWords3.py-373 line：Expecting value: line 1 column 25 (char 24)
2021-01-17 16:25:56,248 LOG INFO test_api4.py-62 line：函数返回值：{'status': 402, 'msg': '参数错误'}
2021-01-17 16:25:56,248 LOG INFO test_api4.py-93 line：测试数据是:【title:[], method:[assertequals], input:[status], request_data:[402]】
2021-01-17 16:25:56,248 LOG INFO apiKeyWords3.py-171 line：执行函数:assertequals
2021-01-17 16:25:56,248 LOG INFO apiKeyWords3.py-184 line：key:[status]
2021-01-17 16:25:56,248 LOG INFO apiKeyWords3.py-185 line：ACTUAL_VALUE:[402]
2021-01-17 16:25:56,248 LOG INFO apiKeyWords3.py-186 line：EXPECT_VALUE:[402]
2021-01-17 16:25:56,248 LOG INFO apiKeyWords3.py-340 line：值是：PASS
2021-01-17 16:25:56,258 LOG INFO apiKeyWords3.py-199 line：--Pass--用例成功--
2021-01-17 16:25:56,258 LOG INFO test_api4.py-62 line：函数返回值：PASS
2021-01-17 16:25:56,318 LOG INFO test_api4.py-71 line：写入Excel：save_excel_teardown
2021-01-17 16:25:56,318 LOG INFO conftest.py-24 line：销毁session：<requests.sessions.Session object at 0x000001CE1FF45508>
2021-01-17 16:25:56,318 LOG INFO conftest.py-25 line：----------requests_session teardown----------
2021-01-17 16:25:56,318 LOG INFO conftest.py-28 line：********************测试执行结束********************
2021-01-17 16:25:56,318 LOG INFO conftest.py-29 line：****************************************************************************************************
2021-01-17 16:25:56,488 LOG INFO runner_html.py-107 line：测试使用时间 0:00:02
